[debug] [2025-02-06T20:13:16.744Z] ----------------------------------------------------------------------
[debug] [2025-02-06T20:13:16.746Z] Command:       C:\Program Files\nodejs\node.exe C:\Users\vsita_ru1\AppData\Roaming\npm\node_modules\firebase-tools\lib\bin\firebase.js init functions
[debug] [2025-02-06T20:13:16.746Z] CLI Version:   13.30.0
[debug] [2025-02-06T20:13:16.747Z] Platform:      win32
[debug] [2025-02-06T20:13:16.747Z] Node Version:  v18.14.0
[debug] [2025-02-06T20:13:16.748Z] Time:          Thu Feb 06 2025 15:13:16 GMT-0500 (Eastern Standard Time)
[debug] [2025-02-06T20:13:16.748Z] ----------------------------------------------------------------------
[debug] 
[debug] [2025-02-06T20:13:16.751Z] >>> [apiv2][query] GET https://firebase-public.firebaseio.com/cli.json [none]
[debug] [2025-02-06T20:13:16.796Z] > command requires scopes: ["email","openid","https://www.googleapis.com/auth/cloudplatformprojects.readonly","https://www.googleapis.com/auth/firebase","https://www.googleapis.com/auth/cloud-platform"]
[debug] [2025-02-06T20:13:16.797Z] > authorizing via signed-in user (vaibhavisita@gmail.com)
[info] 
     ######## #### ########  ######## ########     ###     ######  ########
     ##        ##  ##     ## ##       ##     ##  ##   ##  ##       ##
     ######    ##  ########  ######   ########  #########  ######  ######
     ##        ##  ##    ##  ##       ##     ## ##     ##       ## ##
     ##       #### ##     ## ######## ########  ##     ##  ######  ########

You're about to initialize a Firebase project in this directory:

  C:\Users\vsita_ru1\Desktop\Private Repo\TheBinder\Projects\RC4 full stack

[debug] [2025-02-06T20:13:16.977Z] <<< [apiv2][status] GET https://firebase-public.firebaseio.com/cli.json 200
[debug] [2025-02-06T20:13:16.977Z] <<< [apiv2][body] GET https://firebase-public.firebaseio.com/cli.json {"cloudBuildErrorAfter":1594252800000,"cloudBuildWarnAfter":1590019200000,"defaultNode10After":1594252800000,"minVersion":"3.0.5","node8DeploysDisabledAfter":1613390400000,"node8RuntimeDisabledAfter":1615809600000,"node8WarnAfter":1600128000000}
[info] 
=== Project Setup
[info] 
[info] First, let's associate this project directory with a Firebase project.
[info] You can create multiple project aliases by running firebase use --add, 
[info] but for now we'll just set up a default project.
[info] 
[debug] [2025-02-06T20:13:35.874Z] Checked if tokens are valid: false, expires at: 1676224943003
[debug] [2025-02-06T20:13:35.874Z] Checked if tokens are valid: false, expires at: 1676224943003
[debug] [2025-02-06T20:13:35.875Z] > refreshing access token with scopes: []
[debug] [2025-02-06T20:13:35.876Z] >>> [apiv2][query] POST https://www.googleapis.com/oauth2/v3/token [none]
[debug] [2025-02-06T20:13:35.876Z] >>> [apiv2][body] POST https://www.googleapis.com/oauth2/v3/token [omitted]
[debug] [2025-02-06T20:13:36.713Z] <<< [apiv2][status] POST https://www.googleapis.com/oauth2/v3/token 400
[debug] [2025-02-06T20:13:36.713Z] <<< [apiv2][body] POST https://www.googleapis.com/oauth2/v3/token [omitted]
[debug] [2025-02-06T20:13:36.714Z] >>> [apiv2][query] GET https://firebase.googleapis.com/v1beta1/projects pageSize=100
[debug] [2025-02-06T20:13:36.921Z] <<< [apiv2][status] GET https://firebase.googleapis.com/v1beta1/projects 401
[debug] [2025-02-06T20:13:36.921Z] <<< [apiv2][body] GET https://firebase.googleapis.com/v1beta1/projects [omitted]
[debug] [2025-02-06T20:13:36.921Z] Got a 401 Unauthenticated error for a call that required authentication. Refreshing tokens.
[debug] [2025-02-06T20:13:36.921Z] Checked if tokens are valid: false, expires at: 1676224943003
[debug] [2025-02-06T20:13:36.921Z] Checked if tokens are valid: false, expires at: 1676224943003
[debug] [2025-02-06T20:13:36.921Z] > refreshing access token with scopes: []
[debug] [2025-02-06T20:13:36.921Z] >>> [apiv2][query] POST https://www.googleapis.com/oauth2/v3/token [none]
[debug] [2025-02-06T20:13:36.922Z] >>> [apiv2][body] POST https://www.googleapis.com/oauth2/v3/token [omitted]
[debug] [2025-02-06T20:13:37.113Z] <<< [apiv2][status] POST https://www.googleapis.com/oauth2/v3/token 400
[debug] [2025-02-06T20:13:37.113Z] <<< [apiv2][body] POST https://www.googleapis.com/oauth2/v3/token [omitted]
[debug] [2025-02-06T20:13:37.114Z] Request to https://firebase.googleapis.com/v1beta1/projects?pageSize=100 had HTTP Error: 401, Request had invalid authentication credentials. Expected OAuth 2 access token, login cookie or other valid authentication credential. See https://developers.google.com/identity/sign-in/web/devconsole-project.
[debug] [2025-02-06T20:13:37.115Z] FirebaseError: Request to https://firebase.googleapis.com/v1beta1/projects?pageSize=100 had HTTP Error: 401, Request had invalid authentication credentials. Expected OAuth 2 access token, login cookie or other valid authentication credential. See https://developers.google.com/identity/sign-in/web/devconsole-project.
    at responseToError (C:\Users\vsita_ru1\AppData\Roaming\npm\node_modules\firebase-tools\lib\responseToError.js:52:12)
    at RetryOperation._fn (C:\Users\vsita_ru1\AppData\Roaming\npm\node_modules\firebase-tools\lib\apiv2.js:312:77)
    at process.processTicksAndRejections (node:internal/process/task_queues:95:5)
[error] 
[error] Error: Failed to list Firebase projects. See firebase-debug.log for more info.
[debug] [2025-02-06T20:13:54.877Z] ----------------------------------------------------------------------
[debug] [2025-02-06T20:13:54.879Z] Command:       C:\Program Files\nodejs\node.exe C:\Users\vsita_ru1\AppData\Roaming\npm\node_modules\firebase-tools\lib\bin\firebase.js init functions
[debug] [2025-02-06T20:13:54.880Z] CLI Version:   13.30.0
[debug] [2025-02-06T20:13:54.880Z] Platform:      win32
[debug] [2025-02-06T20:13:54.880Z] Node Version:  v18.14.0
[debug] [2025-02-06T20:13:54.881Z] Time:          Thu Feb 06 2025 15:13:54 GMT-0500 (Eastern Standard Time)
[debug] [2025-02-06T20:13:54.881Z] ----------------------------------------------------------------------
[debug] 
[debug] [2025-02-06T20:13:54.888Z] > command requires scopes: ["email","openid","https://www.googleapis.com/auth/cloudplatformprojects.readonly","https://www.googleapis.com/auth/firebase","https://www.googleapis.com/auth/cloud-platform"]
[debug] [2025-02-06T20:13:54.889Z] > authorizing via signed-in user (vaibhavisita@gmail.com)
[info] 
     ######## #### ########  ######## ########     ###     ######  ########
     ##        ##  ##     ## ##       ##     ##  ##   ##  ##       ##
     ######    ##  ########  ######   ########  #########  ######  ######
     ##        ##  ##    ##  ##       ##     ## ##     ##       ## ##
     ##       #### ##     ## ######## ########  ##     ##  ######  ########

You're about to initialize a Firebase project in this directory:

  C:\Users\vsita_ru1\Desktop\Private Repo\TheBinder\Projects\RC4 full stack

[info] 
=== Project Setup
[info] 
[info] First, let's associate this project directory with a Firebase project.
[info] You can create multiple project aliases by running firebase use --add, 
[info] but for now we'll just set up a default project.
[info] 
[info] i  If you want to create a project in a Google Cloud organization or folder, please use "firebase projects:create" instead, and return to this command when you've created the project. 
[debug] [2025-02-06T20:14:34.826Z] Checked if tokens are valid: false, expires at: 1676224943003
[debug] [2025-02-06T20:14:34.827Z] Checked if tokens are valid: false, expires at: 1676224943003
[debug] [2025-02-06T20:14:34.827Z] > refreshing access token with scopes: []
[debug] [2025-02-06T20:14:34.829Z] >>> [apiv2][query] POST https://www.googleapis.com/oauth2/v3/token [none]
[debug] [2025-02-06T20:14:34.829Z] >>> [apiv2][body] POST https://www.googleapis.com/oauth2/v3/token [omitted]
[debug] [2025-02-06T20:14:35.049Z] <<< [apiv2][status] POST https://www.googleapis.com/oauth2/v3/token 400
[debug] [2025-02-06T20:14:35.049Z] <<< [apiv2][body] POST https://www.googleapis.com/oauth2/v3/token [omitted]
[debug] [2025-02-06T20:14:35.049Z] >>> [apiv2][query] POST https://cloudresourcemanager.googleapis.com/v1/projects [none]
[debug] [2025-02-06T20:14:35.050Z] >>> [apiv2][body] POST https://cloudresourcemanager.googleapis.com/v1/projects {"projectId":"rc4app","name":"rc4app"}
[debug] [2025-02-06T20:14:35.240Z] <<< [apiv2][status] POST https://cloudresourcemanager.googleapis.com/v1/projects 401
[debug] [2025-02-06T20:14:35.240Z] <<< [apiv2][body] POST https://cloudresourcemanager.googleapis.com/v1/projects {"error":{"code":401,"message":"Request had invalid authentication credentials. Expected OAuth 2 access token, login cookie or other valid authentication credential. See https://developers.google.com/identity/sign-in/web/devconsole-project.","status":"UNAUTHENTICATED","details":[{"@type":"type.googleapis.com/google.rpc.ErrorInfo","reason":"ACCESS_TOKEN_TYPE_UNSUPPORTED","metadata":{"service":"cloudresourcemanager.googleapis.com","method":"google.cloudresourcemanager.v1.Projects.CreateProject"}}]}}
[debug] [2025-02-06T20:14:35.240Z] Got a 401 Unauthenticated error for a call that required authentication. Refreshing tokens.
[debug] [2025-02-06T20:14:35.240Z] Checked if tokens are valid: false, expires at: 1676224943003
[debug] [2025-02-06T20:14:35.240Z] Checked if tokens are valid: false, expires at: 1676224943003
[debug] [2025-02-06T20:14:35.240Z] > refreshing access token with scopes: []
[debug] [2025-02-06T20:14:35.241Z] >>> [apiv2][query] POST https://www.googleapis.com/oauth2/v3/token [none]
[debug] [2025-02-06T20:14:35.241Z] >>> [apiv2][body] POST https://www.googleapis.com/oauth2/v3/token [omitted]
[debug] [2025-02-06T20:14:35.405Z] <<< [apiv2][status] POST https://www.googleapis.com/oauth2/v3/token 400
[debug] [2025-02-06T20:14:35.405Z] <<< [apiv2][body] POST https://www.googleapis.com/oauth2/v3/token [omitted]
[debug] [2025-02-06T20:14:35.409Z] FirebaseError: Request to https://cloudresourcemanager.googleapis.com/v1/projects had HTTP Error: 401, Request had invalid authentication credentials. Expected OAuth 2 access token, login cookie or other valid authentication credential. See https://developers.google.com/identity/sign-in/web/devconsole-project.
    at responseToError (C:\Users\vsita_ru1\AppData\Roaming\npm\node_modules\firebase-tools\lib\responseToError.js:52:12)
    at RetryOperation._fn (C:\Users\vsita_ru1\AppData\Roaming\npm\node_modules\firebase-tools\lib\apiv2.js:312:77)
    at process.processTicksAndRejections (node:internal/process/task_queues:95:5)
[error] 
[error] Error: Failed to create project. See firebase-debug.log for more info.
[debug] [2025-02-06T20:14:49.487Z] ----------------------------------------------------------------------
[debug] [2025-02-06T20:14:49.489Z] Command:       C:\Program Files\nodejs\node.exe C:\Users\vsita_ru1\AppData\Roaming\npm\node_modules\firebase-tools\lib\bin\firebase.js init functions
[debug] [2025-02-06T20:14:49.489Z] CLI Version:   13.30.0
[debug] [2025-02-06T20:14:49.490Z] Platform:      win32
[debug] [2025-02-06T20:14:49.490Z] Node Version:  v18.14.0
[debug] [2025-02-06T20:14:49.491Z] Time:          Thu Feb 06 2025 15:14:49 GMT-0500 (Eastern Standard Time)
[debug] [2025-02-06T20:14:49.491Z] ----------------------------------------------------------------------
[debug] 
[debug] [2025-02-06T20:14:49.499Z] > command requires scopes: ["email","openid","https://www.googleapis.com/auth/cloudplatformprojects.readonly","https://www.googleapis.com/auth/firebase","https://www.googleapis.com/auth/cloud-platform"]
[debug] [2025-02-06T20:14:49.500Z] > authorizing via signed-in user (vaibhavisita@gmail.com)
[info] 
     ######## #### ########  ######## ########     ###     ######  ########
     ##        ##  ##     ## ##       ##     ##  ##   ##  ##       ##
     ######    ##  ########  ######   ########  #########  ######  ######
     ##        ##  ##    ##  ##       ##     ## ##     ##       ## ##
     ##       #### ##     ## ######## ########  ##     ##  ######  ########

You're about to initialize a Firebase project in this directory:

  C:\Users\vsita_ru1\Desktop\Private Repo\TheBinder\Projects\RC4 full stack

